Сборка начата 14.03.2024 8:35:35.
Уровень детализации журнала: Normal.     1>Проект "D:\PROGRAMMING\STRUCT\data structures (надо закончить)\lab01_02_03\lab03\lab03.vcxproj" в узле 2 (целевые объекты Build).
     1>PrepareForBuild:
         Структурированный вывод включен. Форматирование диагностики компилятора будет отражать иерархию ошибок. Подробнее см. https://aka.ms/cpp/structured-output.
         Создание каталога "D:\PROGRAMMING\STRUCT\data structures (надо закончить)\lab01_02_03\x64\Debug\".
         Создание каталога "x64\Debug\lab03.tlog\".
       InitializeBuildStatus:
         Создание "x64\Debug\lab03.tlog\unsuccessfulbuild", так как было задано "AlwaysCreate".
         Обращение к "x64\Debug\lab03.tlog\unsuccessfulbuild".
       ClCompile:
         C:\Program Files\Microsoft Visual Studio\2022\Professional\VC\Tools\MSVC\14.39.33519\bin\HostX64\x64\CL.exe /c /ZI /JMC /nologo /W3 /WX- /diagnostics:column /sdl /Od /D _DEBUG /D _CONSOLE /D _UNICODE /D UNICODE /Gm- /EHsc /RTC1 /MDd /GS /fp:precise /Zc:wchar_t /Zc:forScope /Zc:inline /permissive- /Fo"x64\Debug\\" /Fd"x64\Debug\vc143.pdb" /external:W3 /Gd /TP /FC /errorReport:prompt lab03.cpp
         lab03.cpp
       Link:
         C:\Program Files\Microsoft Visual Studio\2022\Professional\VC\Tools\MSVC\14.39.33519\bin\HostX64\x64\link.exe /ERRORREPORT:PROMPT /OUT:"D:\PROGRAMMING\STRUCT\data structures (надо закончить)\lab01_02_03\x64\Debug\lab03.exe" /INCREMENTAL /ILK:"x64\Debug\lab03.ilk" /NOLOGO kernel32.lib user32.lib gdi32.lib winspool.lib comdlg32.lib advapi32.lib shell32.lib ole32.lib oleaut32.lib uuid.lib odbc32.lib odbccp32.lib /MANIFEST /MANIFESTUAC:"level='asInvoker' uiAccess='false'" /manifest:embed /DEBUG /PDB:"D:\PROGRAMMING\STRUCT\data structures (надо закончить)\lab01_02_03\x64\Debug\lab03.pdb" /SUBSYSTEM:CONSOLE /TLBID:1 /DYNAMICBASE /NXCOMPAT /IMPLIB:"D:\PROGRAMMING\STRUCT\data structures (надо закончить)\lab01_02_03\x64\Debug\lab03.lib" /MACHINE:X64 x64\Debug\lab03.obj
         lab03.vcxproj -> D:\PROGRAMMING\STRUCT\data structures (надо закончить)\lab01_02_03\x64\Debug\lab03.exe
       FinalizeBuildStatus:
         Файл "x64\Debug\lab03.tlog\unsuccessfulbuild" удаляется.
         Обращение к "x64\Debug\lab03.tlog\lab03.lastbuildstate".
     1>Сборка проекта "D:\PROGRAMMING\STRUCT\data structures (надо закончить)\lab01_02_03\lab03\lab03.vcxproj" завершена (целевые объекты Build).

Сборка успешно завершена.
    Предупреждений: 0
    Ошибок: 0

Прошло времени 00:00:05.56
