Сборка начата 14.03.2024 8:41:31.
Уровень детализации журнала: Normal.     1>Проект "D:\PROGRAMMING\GITHUB\second semester\data structures\lab04_05_06_07_08_09\lab04_05_06_07_08_09\lab04_05_06_07_08_09.vcxproj" в узле 2 (целевые объекты Rebuild).
     1>PrepareForBuild:
         Структурированный вывод включен. Форматирование диагностики компилятора будет отражать иерархию ошибок. Подробнее см. https://aka.ms/cpp/structured-output.
       InitializeBuildStatus:
         Создание "x64\Debug\lab04_05.5bb724de.tlog\unsuccessfulbuild", так как было задано "AlwaysCreate".
         Обращение к "x64\Debug\lab04_05.5bb724de.tlog\unsuccessfulbuild".
       ClCompile:
         C:\Program Files\Microsoft Visual Studio\2022\Professional\VC\Tools\MSVC\14.39.33519\bin\HostX64\x64\CL.exe /c /ZI /JMC /nologo /W3 /WX- /diagnostics:column /sdl /Od /D _DEBUG /D _CONSOLE /D _UNICODE /D UNICODE /Gm- /EHsc /RTC1 /MDd /GS /fp:precise /Zc:wchar_t /Zc:forScope /Zc:inline /permissive- /Fo"x64\Debug\\" /Fd"x64\Debug\vc143.pdb" /external:W3 /Gd /TP /FC /errorReport:prompt functions.cpp lab04_05_06_07_08_09.cpp
         functions.cpp
         lab04_05_06_07_08_09.cpp
         Создание кода...
       Link:
         C:\Program Files\Microsoft Visual Studio\2022\Professional\VC\Tools\MSVC\14.39.33519\bin\HostX64\x64\link.exe /ERRORREPORT:PROMPT /OUT:"D:\PROGRAMMING\GITHUB\second semester\data structures\lab04_05_06_07_08_09\x64\Debug\lab04_05_06_07_08_09.exe" /INCREMENTAL /ILK:"x64\Debug\lab04_05_06_07_08_09.ilk" /NOLOGO kernel32.lib user32.lib gdi32.lib winspool.lib comdlg32.lib advapi32.lib shell32.lib ole32.lib oleaut32.lib uuid.lib odbc32.lib odbccp32.lib /MANIFEST /MANIFESTUAC:"level='asInvoker' uiAccess='false'" /manifest:embed /DEBUG /PDB:"D:\PROGRAMMING\GITHUB\second semester\data structures\lab04_05_06_07_08_09\x64\Debug\lab04_05_06_07_08_09.pdb" /SUBSYSTEM:CONSOLE /TLBID:1 /DYNAMICBASE /NXCOMPAT /IMPLIB:"D:\PROGRAMMING\GITHUB\second semester\data structures\lab04_05_06_07_08_09\x64\Debug\lab04_05_06_07_08_09.lib" /MACHINE:X64 x64\Debug\functions.obj
         x64\Debug\lab04_05_06_07_08_09.obj
         lab04_05_06_07_08_09.vcxproj -> D:\PROGRAMMING\GITHUB\second semester\data structures\lab04_05_06_07_08_09\x64\Debug\lab04_05_06_07_08_09.exe
       FinalizeBuildStatus:
         Файл "x64\Debug\lab04_05.5bb724de.tlog\unsuccessfulbuild" удаляется.
         Обращение к "x64\Debug\lab04_05.5bb724de.tlog\lab04_05_06_07_08_09.lastbuildstate".
     1>Сборка проекта "D:\PROGRAMMING\GITHUB\second semester\data structures\lab04_05_06_07_08_09\lab04_05_06_07_08_09\lab04_05_06_07_08_09.vcxproj" завершена (целевые объекты Rebuild).

Сборка успешно завершена.
    Предупреждений: 0
    Ошибок: 0

Прошло времени 00:00:04.97
